nohup: ignoring input
2017-12-12 06:42:01.319+0000 INFO  ======== Neo4j 3.3.1 ========
2017-12-12 06:42:01.479+0000 INFO  Starting...
2017-12-12 06:42:04.074+0000 INFO  Bolt enabled on localhost:7472.
2017-12-12 06:42:09.296+0000 INFO  Started.
2017-12-12 06:42:10.733+0000 INFO  Remote interface available at http://localhost:7474/
2017-12-12 06:45:00.429+0000 INFO  Neo4j Server shutdown initiated by request
2017-12-12 06:45:00.463+0000 INFO  Stopping...
2017-12-12 06:45:00.761+0000 INFO  Stopped.
nohup: ignoring input
2017-12-12 06:45:01.779+0000 INFO  ======== Neo4j 3.3.1 ========
2017-12-12 06:45:01.803+0000 INFO  Starting...
2017-12-12 06:45:02.351+0000 INFO  Bolt enabled on localhost:7472.
2017-12-12 06:45:05.048+0000 INFO  Started.
2017-12-12 06:45:05.796+0000 INFO  Remote interface available at http://localhost:8500/
2017-12-12 06:45:45.255+0000 INFO  Neo4j Server shutdown initiated by request
2017-12-12 06:45:45.263+0000 INFO  Stopping...
2017-12-12 06:45:45.538+0000 INFO  Stopped.
nohup: ignoring input
2017-12-12 06:45:46.622+0000 INFO  ======== Neo4j 3.3.1 ========
2017-12-12 06:45:46.645+0000 INFO  Starting...
2017-12-12 06:45:47.180+0000 INFO  Bolt enabled on 0.0.0.0:7472.
2017-12-12 06:45:49.908+0000 INFO  Started.
2017-12-12 06:45:50.716+0000 INFO  Remote interface available at http://localhost:8500/
2017-12-12 06:50:59.390+0000 INFO  Neo4j Server shutdown initiated by request
2017-12-12 06:50:59.396+0000 INFO  Stopping...
2017-12-12 06:51:00.698+0000 INFO  Stopped.
nohup: ignoring input
2017-12-12 06:51:01.891+0000 INFO  ======== Neo4j 3.3.1 ========
2017-12-12 06:51:01.914+0000 INFO  Starting...
2017-12-12 06:51:02.537+0000 INFO  Bolt enabled on 0.0.0.0:7472.
2017-12-12 06:51:06.591+0000 INFO  Started.
2017-12-12 06:51:07.447+0000 INFO  Remote interface available at http://localhost:8500/
2017-12-12 07:10:08.965+0000 INFO  Neo4j Server shutdown initiated by request
2017-12-12 07:10:08.984+0000 INFO  Stopping...
2017-12-12 07:10:10.154+0000 INFO  Stopped.
nohup: ignoring input
2017-12-14 04:47:08.277+0000 INFO  ======== Neo4j 3.3.1 ========
2017-12-14 04:47:08.539+0000 INFO  Starting...
2017-12-14 04:47:10.406+0000 INFO  Bolt enabled on 0.0.0.0:7472.
2017-12-14 04:47:15.634+0000 INFO  Started.
2017-12-14 04:47:17.017+0000 WARN  FAILED ServerConnector@7fe0ca60{HTTP/1.1}{172.16.18.251:8500}: java.net.BindException: Cannot assign requested address Cannot assign requested address
java.net.BindException: Cannot assign requested address
	at sun.nio.ch.Net.bind0(Native Method)
	at sun.nio.ch.Net.bind(Net.java:433)
	at sun.nio.ch.Net.bind(Net.java:425)
	at sun.nio.ch.ServerSocketChannelImpl.bind(ServerSocketChannelImpl.java:223)
	at sun.nio.ch.ServerSocketAdaptor.bind(ServerSocketAdaptor.java:74)
	at org.eclipse.jetty.server.ServerConnector.open(ServerConnector.java:321)
	at org.eclipse.jetty.server.AbstractNetworkConnector.doStart(AbstractNetworkConnector.java:80)
	at org.eclipse.jetty.server.ServerConnector.doStart(ServerConnector.java:236)
	at org.eclipse.jetty.util.component.AbstractLifeCycle.start(AbstractLifeCycle.java:68)
	at org.eclipse.jetty.server.Server.doStart(Server.java:366)
	at org.eclipse.jetty.util.component.AbstractLifeCycle.start(AbstractLifeCycle.java:68)
	at org.neo4j.server.web.Jetty9WebServer.startJetty(Jetty9WebServer.java:339)
	at org.neo4j.server.web.Jetty9WebServer.start(Jetty9WebServer.java:154)
	at org.neo4j.server.AbstractNeoServer.startWebServer(AbstractNeoServer.java:320)
	at org.neo4j.server.AbstractNeoServer.access$700(AbstractNeoServer.java:101)
	at org.neo4j.server.AbstractNeoServer$ServerComponentsLifecycleAdapter.start(AbstractNeoServer.java:540)
	at org.neo4j.kernel.lifecycle.LifeSupport$LifecycleInstance.start(LifeSupport.java:445)
	at org.neo4j.kernel.lifecycle.LifeSupport.start(LifeSupport.java:107)
	at org.neo4j.server.AbstractNeoServer.start(AbstractNeoServer.java:211)
	at org.neo4j.server.ServerBootstrapper.start(ServerBootstrapper.java:111)
	at org.neo4j.server.ServerBootstrapper.start(ServerBootstrapper.java:79)
	at org.neo4j.server.CommunityEntryPoint.main(CommunityEntryPoint.java:32)
2017-12-14 04:47:17.018+0000 WARN  FAILED org.eclipse.jetty.server.Server@63896cf7: java.net.BindException: Cannot assign requested address Cannot assign requested address
java.net.BindException: Cannot assign requested address
	at sun.nio.ch.Net.bind0(Native Method)
	at sun.nio.ch.Net.bind(Net.java:433)
	at sun.nio.ch.Net.bind(Net.java:425)
	at sun.nio.ch.ServerSocketChannelImpl.bind(ServerSocketChannelImpl.java:223)
	at sun.nio.ch.ServerSocketAdaptor.bind(ServerSocketAdaptor.java:74)
	at org.eclipse.jetty.server.ServerConnector.open(ServerConnector.java:321)
	at org.eclipse.jetty.server.AbstractNetworkConnector.doStart(AbstractNetworkConnector.java:80)
	at org.eclipse.jetty.server.ServerConnector.doStart(ServerConnector.java:236)
	at org.eclipse.jetty.util.component.AbstractLifeCycle.start(AbstractLifeCycle.java:68)
	at org.eclipse.jetty.server.Server.doStart(Server.java:366)
	at org.eclipse.jetty.util.component.AbstractLifeCycle.start(AbstractLifeCycle.java:68)
	at org.neo4j.server.web.Jetty9WebServer.startJetty(Jetty9WebServer.java:339)
	at org.neo4j.server.web.Jetty9WebServer.start(Jetty9WebServer.java:154)
	at org.neo4j.server.AbstractNeoServer.startWebServer(AbstractNeoServer.java:320)
	at org.neo4j.server.AbstractNeoServer.access$700(AbstractNeoServer.java:101)
	at org.neo4j.server.AbstractNeoServer$ServerComponentsLifecycleAdapter.start(AbstractNeoServer.java:540)
	at org.neo4j.kernel.lifecycle.LifeSupport$LifecycleInstance.start(LifeSupport.java:445)
	at org.neo4j.kernel.lifecycle.LifeSupport.start(LifeSupport.java:107)
	at org.neo4j.server.AbstractNeoServer.start(AbstractNeoServer.java:211)
	at org.neo4j.server.ServerBootstrapper.start(ServerBootstrapper.java:111)
	at org.neo4j.server.ServerBootstrapper.start(ServerBootstrapper.java:79)
	at org.neo4j.server.CommunityEntryPoint.main(CommunityEntryPoint.java:32)
2017-12-14 04:47:17.018+0000 ERROR Failed to start Neo4j on 172.16.18.251:8500: Address 172.16.18.251:8500 is already in use, cannot bind to it.
2017-12-14 04:47:17.051+0000 INFO  Stopping...
2017-12-14 04:47:17.707+0000 INFO  Stopped.
2017-12-14 04:47:17.709+0000 ERROR Failed to start Neo4j: Starting Neo4j failed: Component 'org.neo4j.server.AbstractNeoServer$ServerComponentsLifecycleAdapter@3aa8c337' was successfully initialized, but failed to start. Please see the attached cause exception "Address 172.16.18.251:8500 is already in use, cannot bind to it.". Starting Neo4j failed: Component 'org.neo4j.server.AbstractNeoServer$ServerComponentsLifecycleAdapter@3aa8c337' was successfully initialized, but failed to start. Please see the attached cause exception "Address 172.16.18.251:8500 is already in use, cannot bind to it.".
org.neo4j.server.ServerStartupException: Starting Neo4j failed: Component 'org.neo4j.server.AbstractNeoServer$ServerComponentsLifecycleAdapter@3aa8c337' was successfully initialized, but failed to start. Please see the attached cause exception "Address 172.16.18.251:8500 is already in use, cannot bind to it.".
	at org.neo4j.server.exception.ServerStartupErrors.translateToServerStartupError(ServerStartupErrors.java:68)
	at org.neo4j.server.AbstractNeoServer.start(AbstractNeoServer.java:219)
	at org.neo4j.server.ServerBootstrapper.start(ServerBootstrapper.java:111)
	at org.neo4j.server.ServerBootstrapper.start(ServerBootstrapper.java:79)
	at org.neo4j.server.CommunityEntryPoint.main(CommunityEntryPoint.java:32)
Caused by: org.neo4j.kernel.lifecycle.LifecycleException: Component 'org.neo4j.server.AbstractNeoServer$ServerComponentsLifecycleAdapter@3aa8c337' was successfully initialized, but failed to start. Please see the attached cause exception "Address 172.16.18.251:8500 is already in use, cannot bind to it.".
	at org.neo4j.kernel.lifecycle.LifeSupport$LifecycleInstance.start(LifeSupport.java:466)
	at org.neo4j.kernel.lifecycle.LifeSupport.start(LifeSupport.java:107)
	at org.neo4j.server.AbstractNeoServer.start(AbstractNeoServer.java:211)
	... 3 more
Caused by: org.neo4j.helpers.PortBindException: Address 172.16.18.251:8500 is already in use, cannot bind to it.
	at sun.nio.ch.Net.bind0(Native Method)
	at sun.nio.ch.Net.bind(Net.java:433)
	at sun.nio.ch.Net.bind(Net.java:425)
	at sun.nio.ch.ServerSocketChannelImpl.bind(ServerSocketChannelImpl.java:223)
	at sun.nio.ch.ServerSocketAdaptor.bind(ServerSocketAdaptor.java:74)
	at org.eclipse.jetty.server.ServerConnector.open(ServerConnector.java:321)
	at org.eclipse.jetty.server.AbstractNetworkConnector.doStart(AbstractNetworkConnector.java:80)
	at org.eclipse.jetty.server.ServerConnector.doStart(ServerConnector.java:236)
	at org.eclipse.jetty.util.component.AbstractLifeCycle.start(AbstractLifeCycle.java:68)
	at org.eclipse.jetty.server.Server.doStart(Server.java:366)
	at org.eclipse.jetty.util.component.AbstractLifeCycle.start(AbstractLifeCycle.java:68)
	at org.neo4j.server.web.Jetty9WebServer.startJetty(Jetty9WebServer.java:339)
	at org.neo4j.server.web.Jetty9WebServer.start(Jetty9WebServer.java:154)
	at org.neo4j.server.AbstractNeoServer.startWebServer(AbstractNeoServer.java:320)
	at org.neo4j.server.AbstractNeoServer.access$700(AbstractNeoServer.java:101)
	at org.neo4j.server.AbstractNeoServer$ServerComponentsLifecycleAdapter.start(AbstractNeoServer.java:540)
	at org.neo4j.kernel.lifecycle.LifeSupport$LifecycleInstance.start(LifeSupport.java:445)
	... 5 more
2017-12-14 04:47:17.710+0000 INFO  Neo4j Server shutdown initiated by request
nohup: ignoring input
2017-12-14 04:47:51.440+0000 INFO  ======== Neo4j 3.3.1 ========
2017-12-14 04:47:51.464+0000 INFO  Starting...
2017-12-14 04:47:52.063+0000 INFO  Bolt enabled on 0.0.0.0:7472.
2017-12-14 04:47:56.083+0000 INFO  Started.
2017-12-14 04:47:57.131+0000 WARN  FAILED ServerConnector@4d9bccfe{HTTP/1.1}{172.16.18.251:8500}: java.net.BindException: Cannot assign requested address Cannot assign requested address
java.net.BindException: Cannot assign requested address
	at sun.nio.ch.Net.bind0(Native Method)
	at sun.nio.ch.Net.bind(Net.java:433)
	at sun.nio.ch.Net.bind(Net.java:425)
	at sun.nio.ch.ServerSocketChannelImpl.bind(ServerSocketChannelImpl.java:223)
	at sun.nio.ch.ServerSocketAdaptor.bind(ServerSocketAdaptor.java:74)
	at org.eclipse.jetty.server.ServerConnector.open(ServerConnector.java:321)
	at org.eclipse.jetty.server.AbstractNetworkConnector.doStart(AbstractNetworkConnector.java:80)
	at org.eclipse.jetty.server.ServerConnector.doStart(ServerConnector.java:236)
	at org.eclipse.jetty.util.component.AbstractLifeCycle.start(AbstractLifeCycle.java:68)
	at org.eclipse.jetty.server.Server.doStart(Server.java:366)
	at org.eclipse.jetty.util.component.AbstractLifeCycle.start(AbstractLifeCycle.java:68)
	at org.neo4j.server.web.Jetty9WebServer.startJetty(Jetty9WebServer.java:339)
	at org.neo4j.server.web.Jetty9WebServer.start(Jetty9WebServer.java:154)
	at org.neo4j.server.AbstractNeoServer.startWebServer(AbstractNeoServer.java:320)
	at org.neo4j.server.AbstractNeoServer.access$700(AbstractNeoServer.java:101)
	at org.neo4j.server.AbstractNeoServer$ServerComponentsLifecycleAdapter.start(AbstractNeoServer.java:540)
	at org.neo4j.kernel.lifecycle.LifeSupport$LifecycleInstance.start(LifeSupport.java:445)
	at org.neo4j.kernel.lifecycle.LifeSupport.start(LifeSupport.java:107)
	at org.neo4j.server.AbstractNeoServer.start(AbstractNeoServer.java:211)
	at org.neo4j.server.ServerBootstrapper.start(ServerBootstrapper.java:111)
	at org.neo4j.server.ServerBootstrapper.start(ServerBootstrapper.java:79)
	at org.neo4j.server.CommunityEntryPoint.main(CommunityEntryPoint.java:32)
2017-12-14 04:47:57.131+0000 WARN  FAILED org.eclipse.jetty.server.Server@36c45149: java.net.BindException: Cannot assign requested address Cannot assign requested address
java.net.BindException: Cannot assign requested address
	at sun.nio.ch.Net.bind0(Native Method)
	at sun.nio.ch.Net.bind(Net.java:433)
	at sun.nio.ch.Net.bind(Net.java:425)
	at sun.nio.ch.ServerSocketChannelImpl.bind(ServerSocketChannelImpl.java:223)
	at sun.nio.ch.ServerSocketAdaptor.bind(ServerSocketAdaptor.java:74)
	at org.eclipse.jetty.server.ServerConnector.open(ServerConnector.java:321)
	at org.eclipse.jetty.server.AbstractNetworkConnector.doStart(AbstractNetworkConnector.java:80)
	at org.eclipse.jetty.server.ServerConnector.doStart(ServerConnector.java:236)
	at org.eclipse.jetty.util.component.AbstractLifeCycle.start(AbstractLifeCycle.java:68)
	at org.eclipse.jetty.server.Server.doStart(Server.java:366)
	at org.eclipse.jetty.util.component.AbstractLifeCycle.start(AbstractLifeCycle.java:68)
	at org.neo4j.server.web.Jetty9WebServer.startJetty(Jetty9WebServer.java:339)
	at org.neo4j.server.web.Jetty9WebServer.start(Jetty9WebServer.java:154)
	at org.neo4j.server.AbstractNeoServer.startWebServer(AbstractNeoServer.java:320)
	at org.neo4j.server.AbstractNeoServer.access$700(AbstractNeoServer.java:101)
	at org.neo4j.server.AbstractNeoServer$ServerComponentsLifecycleAdapter.start(AbstractNeoServer.java:540)
	at org.neo4j.kernel.lifecycle.LifeSupport$LifecycleInstance.start(LifeSupport.java:445)
	at org.neo4j.kernel.lifecycle.LifeSupport.start(LifeSupport.java:107)
	at org.neo4j.server.AbstractNeoServer.start(AbstractNeoServer.java:211)
	at org.neo4j.server.ServerBootstrapper.start(ServerBootstrapper.java:111)
	at org.neo4j.server.ServerBootstrapper.start(ServerBootstrapper.java:79)
	at org.neo4j.server.CommunityEntryPoint.main(CommunityEntryPoint.java:32)
2017-12-14 04:47:57.132+0000 ERROR Failed to start Neo4j on 172.16.18.251:8500: Address 172.16.18.251:8500 is already in use, cannot bind to it.
2017-12-14 04:47:57.142+0000 INFO  Stopping...
2017-12-14 04:47:58.958+0000 INFO  Stopped.
2017-12-14 04:47:58.959+0000 ERROR Failed to start Neo4j: Starting Neo4j failed: Component 'org.neo4j.server.AbstractNeoServer$ServerComponentsLifecycleAdapter@42ac309' was successfully initialized, but failed to start. Please see the attached cause exception "Address 172.16.18.251:8500 is already in use, cannot bind to it.". Starting Neo4j failed: Component 'org.neo4j.server.AbstractNeoServer$ServerComponentsLifecycleAdapter@42ac309' was successfully initialized, but failed to start. Please see the attached cause exception "Address 172.16.18.251:8500 is already in use, cannot bind to it.".
org.neo4j.server.ServerStartupException: Starting Neo4j failed: Component 'org.neo4j.server.AbstractNeoServer$ServerComponentsLifecycleAdapter@42ac309' was successfully initialized, but failed to start. Please see the attached cause exception "Address 172.16.18.251:8500 is already in use, cannot bind to it.".
	at org.neo4j.server.exception.ServerStartupErrors.translateToServerStartupError(ServerStartupErrors.java:68)
	at org.neo4j.server.AbstractNeoServer.start(AbstractNeoServer.java:219)
	at org.neo4j.server.ServerBootstrapper.start(ServerBootstrapper.java:111)
	at org.neo4j.server.ServerBootstrapper.start(ServerBootstrapper.java:79)
	at org.neo4j.server.CommunityEntryPoint.main(CommunityEntryPoint.java:32)
Caused by: org.neo4j.kernel.lifecycle.LifecycleException: Component 'org.neo4j.server.AbstractNeoServer$ServerComponentsLifecycleAdapter@42ac309' was successfully initialized, but failed to start. Please see the attached cause exception "Address 172.16.18.251:8500 is already in use, cannot bind to it.".
	at org.neo4j.kernel.lifecycle.LifeSupport$LifecycleInstance.start(LifeSupport.java:466)
	at org.neo4j.kernel.lifecycle.LifeSupport.start(LifeSupport.java:107)
	at org.neo4j.server.AbstractNeoServer.start(AbstractNeoServer.java:211)
	... 3 more
Caused by: org.neo4j.helpers.PortBindException: Address 172.16.18.251:8500 is already in use, cannot bind to it.
	at sun.nio.ch.Net.bind0(Native Method)
	at sun.nio.ch.Net.bind(Net.java:433)
	at sun.nio.ch.Net.bind(Net.java:425)
	at sun.nio.ch.ServerSocketChannelImpl.bind(ServerSocketChannelImpl.java:223)
	at sun.nio.ch.ServerSocketAdaptor.bind(ServerSocketAdaptor.java:74)
	at org.eclipse.jetty.server.ServerConnector.open(ServerConnector.java:321)
	at org.eclipse.jetty.server.AbstractNetworkConnector.doStart(AbstractNetworkConnector.java:80)
	at org.eclipse.jetty.server.ServerConnector.doStart(ServerConnector.java:236)
	at org.eclipse.jetty.util.component.AbstractLifeCycle.start(AbstractLifeCycle.java:68)
	at org.eclipse.jetty.server.Server.doStart(Server.java:366)
	at org.eclipse.jetty.util.component.AbstractLifeCycle.start(AbstractLifeCycle.java:68)
	at org.neo4j.server.web.Jetty9WebServer.startJetty(Jetty9WebServer.java:339)
	at org.neo4j.server.web.Jetty9WebServer.start(Jetty9WebServer.java:154)
	at org.neo4j.server.AbstractNeoServer.startWebServer(AbstractNeoServer.java:320)
	at org.neo4j.server.AbstractNeoServer.access$700(AbstractNeoServer.java:101)
	at org.neo4j.server.AbstractNeoServer$ServerComponentsLifecycleAdapter.start(AbstractNeoServer.java:540)
	at org.neo4j.kernel.lifecycle.LifeSupport$LifecycleInstance.start(LifeSupport.java:445)
	... 5 more
2017-12-14 04:47:58.960+0000 INFO  Neo4j Server shutdown initiated by request
nohup: ignoring input
2017-12-14 04:48:36.804+0000 INFO  ======== Neo4j 3.3.1 ========
2017-12-14 04:48:36.825+0000 INFO  Starting...
2017-12-14 04:48:37.470+0000 INFO  Bolt enabled on 0.0.0.0:7472.
2017-12-14 04:48:43.266+0000 INFO  Started.
2017-12-14 04:48:44.346+0000 INFO  Remote interface available at http://localhost:8500/
2017-12-14 11:24:27.870+0000 ERROR The RuntimeException could not be mapped to a response, re-throwing to the HTTP container 1
java.lang.ArrayIndexOutOfBoundsException: 1
	at org.neo4j.server.rest.repr.formats.UrlFormFormat.readMap(UrlFormFormat.java:101)
	at org.neo4j.server.rest.web.CypherService.cypher(CypherService.java:90)
	at sun.reflect.NativeMethodAccessorImpl.invoke0(Native Method)
	at sun.reflect.NativeMethodAccessorImpl.invoke(NativeMethodAccessorImpl.java:62)
	at sun.reflect.DelegatingMethodAccessorImpl.invoke(DelegatingMethodAccessorImpl.java:43)
	at java.lang.reflect.Method.invoke(Method.java:498)
	at com.sun.jersey.spi.container.JavaMethodInvokerFactory$1.invoke(JavaMethodInvokerFactory.java:60)
	at com.sun.jersey.server.impl.model.method.dispatch.AbstractResourceMethodDispatchProvider$ResponseOutInvoker._dispatch(AbstractResourceMethodDispatchProvider.java:205)
	at com.sun.jersey.server.impl.model.method.dispatch.ResourceJavaMethodDispatcher.dispatch(ResourceJavaMethodDispatcher.java:75)
	at org.neo4j.server.rest.transactional.TransactionalRequestDispatcher.dispatch(TransactionalRequestDispatcher.java:147)
	at com.sun.jersey.server.impl.uri.rules.HttpMethodRule.accept(HttpMethodRule.java:302)
	at com.sun.jersey.server.impl.uri.rules.ResourceClassRule.accept(ResourceClassRule.java:108)
	at com.sun.jersey.server.impl.uri.rules.RightHandPathRule.accept(RightHandPathRule.java:147)
	at com.sun.jersey.server.impl.uri.rules.RootResourceClassesRule.accept(RootResourceClassesRule.java:84)
	at com.sun.jersey.server.impl.application.WebApplicationImpl._handleRequest(WebApplicationImpl.java:1542)
	at com.sun.jersey.server.impl.application.WebApplicationImpl._handleRequest(WebApplicationImpl.java:1473)
	at com.sun.jersey.server.impl.application.WebApplicationImpl.handleRequest(WebApplicationImpl.java:1419)
	at com.sun.jersey.server.impl.application.WebApplicationImpl.handleRequest(WebApplicationImpl.java:1409)
	at com.sun.jersey.spi.container.servlet.WebComponent.service(WebComponent.java:409)
	at com.sun.jersey.spi.container.servlet.ServletContainer.service(ServletContainer.java:558)
	at com.sun.jersey.spi.container.servlet.ServletContainer.service(ServletContainer.java:733)
	at javax.servlet.http.HttpServlet.service(HttpServlet.java:790)
	at org.eclipse.jetty.servlet.ServletHolder.handle(ServletHolder.java:812)
	at org.eclipse.jetty.servlet.ServletHandler$CachedChain.doFilter(ServletHandler.java:1669)
	at org.neo4j.server.rest.dbms.AuthorizationDisabledFilter.doFilter(AuthorizationDisabledFilter.java:49)
	at org.eclipse.jetty.servlet.ServletHandler$CachedChain.doFilter(ServletHandler.java:1652)
	at org.neo4j.server.rest.web.CollectUserAgentFilter.doFilter(CollectUserAgentFilter.java:69)
	at org.eclipse.jetty.servlet.ServletHandler$CachedChain.doFilter(ServletHandler.java:1652)
	at org.eclipse.jetty.servlet.ServletHandler.doHandle(ServletHandler.java:585)
	at org.eclipse.jetty.server.session.SessionHandler.doHandle(SessionHandler.java:221)
	at org.eclipse.jetty.server.handler.ContextHandler.doHandle(ContextHandler.java:1127)
	at org.eclipse.jetty.servlet.ServletHandler.doScope(ServletHandler.java:515)
	at org.eclipse.jetty.server.session.SessionHandler.doScope(SessionHandler.java:185)
	at org.eclipse.jetty.server.handler.ContextHandler.doScope(ContextHandler.java:1061)
	at org.eclipse.jetty.server.handler.ScopedHandler.handle(ScopedHandler.java:141)
	at org.eclipse.jetty.server.handler.HandlerList.handle(HandlerList.java:52)
	at org.eclipse.jetty.server.handler.HandlerWrapper.handle(HandlerWrapper.java:97)
	at org.eclipse.jetty.server.Server.handle(Server.java:499)
	at org.eclipse.jetty.server.HttpChannel.handle(HttpChannel.java:311)
	at org.eclipse.jetty.server.HttpConnection.onFillable(HttpConnection.java:258)
	at org.eclipse.jetty.io.AbstractConnection$2.run(AbstractConnection.java:544)
	at org.eclipse.jetty.util.thread.QueuedThreadPool.runJob(QueuedThreadPool.java:635)
	at org.eclipse.jetty.util.thread.QueuedThreadPool$3.run(QueuedThreadPool.java:555)
	at java.lang.Thread.run(Thread.java:748)
2017-12-14 11:24:27.884+0000 WARN  /db/data/cypher 1
java.lang.ArrayIndexOutOfBoundsException: 1
	at org.neo4j.server.rest.repr.formats.UrlFormFormat.readMap(UrlFormFormat.java:101)
	at org.neo4j.server.rest.web.CypherService.cypher(CypherService.java:90)
	at sun.reflect.NativeMethodAccessorImpl.invoke0(Native Method)
	at sun.reflect.NativeMethodAccessorImpl.invoke(NativeMethodAccessorImpl.java:62)
	at sun.reflect.DelegatingMethodAccessorImpl.invoke(DelegatingMethodAccessorImpl.java:43)
	at java.lang.reflect.Method.invoke(Method.java:498)
	at com.sun.jersey.spi.container.JavaMethodInvokerFactory$1.invoke(JavaMethodInvokerFactory.java:60)
	at com.sun.jersey.server.impl.model.method.dispatch.AbstractResourceMethodDispatchProvider$ResponseOutInvoker._dispatch(AbstractResourceMethodDispatchProvider.java:205)
	at com.sun.jersey.server.impl.model.method.dispatch.ResourceJavaMethodDispatcher.dispatch(ResourceJavaMethodDispatcher.java:75)
	at org.neo4j.server.rest.transactional.TransactionalRequestDispatcher.dispatch(TransactionalRequestDispatcher.java:147)
	at com.sun.jersey.server.impl.uri.rules.HttpMethodRule.accept(HttpMethodRule.java:302)
	at com.sun.jersey.server.impl.uri.rules.ResourceClassRule.accept(ResourceClassRule.java:108)
	at com.sun.jersey.server.impl.uri.rules.RightHandPathRule.accept(RightHandPathRule.java:147)
	at com.sun.jersey.server.impl.uri.rules.RootResourceClassesRule.accept(RootResourceClassesRule.java:84)
	at com.sun.jersey.server.impl.application.WebApplicationImpl._handleRequest(WebApplicationImpl.java:1542)
	at com.sun.jersey.server.impl.application.WebApplicationImpl._handleRequest(WebApplicationImpl.java:1473)
	at com.sun.jersey.server.impl.application.WebApplicationImpl.handleRequest(WebApplicationImpl.java:1419)
	at com.sun.jersey.server.impl.application.WebApplicationImpl.handleRequest(WebApplicationImpl.java:1409)
	at com.sun.jersey.spi.container.servlet.WebComponent.service(WebComponent.java:409)
	at com.sun.jersey.spi.container.servlet.ServletContainer.service(ServletContainer.java:558)
	at com.sun.jersey.spi.container.servlet.ServletContainer.service(ServletContainer.java:733)
	at javax.servlet.http.HttpServlet.service(HttpServlet.java:790)
	at org.eclipse.jetty.servlet.ServletHolder.handle(ServletHolder.java:812)
	at org.eclipse.jetty.servlet.ServletHandler$CachedChain.doFilter(ServletHandler.java:1669)
	at org.neo4j.server.rest.dbms.AuthorizationDisabledFilter.doFilter(AuthorizationDisabledFilter.java:49)
	at org.eclipse.jetty.servlet.ServletHandler$CachedChain.doFilter(ServletHandler.java:1652)
	at org.neo4j.server.rest.web.CollectUserAgentFilter.doFilter(CollectUserAgentFilter.java:69)
	at org.eclipse.jetty.servlet.ServletHandler$CachedChain.doFilter(ServletHandler.java:1652)
	at org.eclipse.jetty.servlet.ServletHandler.doHandle(ServletHandler.java:585)
	at org.eclipse.jetty.server.session.SessionHandler.doHandle(SessionHandler.java:221)
	at org.eclipse.jetty.server.handler.ContextHandler.doHandle(ContextHandler.java:1127)
	at org.eclipse.jetty.servlet.ServletHandler.doScope(ServletHandler.java:515)
	at org.eclipse.jetty.server.session.SessionHandler.doScope(SessionHandler.java:185)
	at org.eclipse.jetty.server.handler.ContextHandler.doScope(ContextHandler.java:1061)
	at org.eclipse.jetty.server.handler.ScopedHandler.handle(ScopedHandler.java:141)
	at org.eclipse.jetty.server.handler.HandlerList.handle(HandlerList.java:52)
	at org.eclipse.jetty.server.handler.HandlerWrapper.handle(HandlerWrapper.java:97)
	at org.eclipse.jetty.server.Server.handle(Server.java:499)
	at org.eclipse.jetty.server.HttpChannel.handle(HttpChannel.java:311)
	at org.eclipse.jetty.server.HttpConnection.onFillable(HttpConnection.java:258)
	at org.eclipse.jetty.io.AbstractConnection$2.run(AbstractConnection.java:544)
	at org.eclipse.jetty.util.thread.QueuedThreadPool.runJob(QueuedThreadPool.java:635)
	at org.eclipse.jetty.util.thread.QueuedThreadPool$3.run(QueuedThreadPool.java:555)
	at java.lang.Thread.run(Thread.java:748)
2017-12-14 11:48:09.699+0000 ERROR The RuntimeException could not be mapped to a response, re-throwing to the HTTP container 1
java.lang.ArrayIndexOutOfBoundsException: 1
	at org.neo4j.server.rest.repr.formats.UrlFormFormat.readMap(UrlFormFormat.java:101)
	at org.neo4j.server.rest.web.CypherService.cypher(CypherService.java:90)
	at sun.reflect.NativeMethodAccessorImpl.invoke0(Native Method)
	at sun.reflect.NativeMethodAccessorImpl.invoke(NativeMethodAccessorImpl.java:62)
	at sun.reflect.DelegatingMethodAccessorImpl.invoke(DelegatingMethodAccessorImpl.java:43)
	at java.lang.reflect.Method.invoke(Method.java:498)
	at com.sun.jersey.spi.container.JavaMethodInvokerFactory$1.invoke(JavaMethodInvokerFactory.java:60)
	at com.sun.jersey.server.impl.model.method.dispatch.AbstractResourceMethodDispatchProvider$ResponseOutInvoker._dispatch(AbstractResourceMethodDispatchProvider.java:205)
	at com.sun.jersey.server.impl.model.method.dispatch.ResourceJavaMethodDispatcher.dispatch(ResourceJavaMethodDispatcher.java:75)
	at org.neo4j.server.rest.transactional.TransactionalRequestDispatcher.dispatch(TransactionalRequestDispatcher.java:147)
	at com.sun.jersey.server.impl.uri.rules.HttpMethodRule.accept(HttpMethodRule.java:302)
	at com.sun.jersey.server.impl.uri.rules.ResourceClassRule.accept(ResourceClassRule.java:108)
	at com.sun.jersey.server.impl.uri.rules.RightHandPathRule.accept(RightHandPathRule.java:147)
	at com.sun.jersey.server.impl.uri.rules.RootResourceClassesRule.accept(RootResourceClassesRule.java:84)
	at com.sun.jersey.server.impl.application.WebApplicationImpl._handleRequest(WebApplicationImpl.java:1542)
	at com.sun.jersey.server.impl.application.WebApplicationImpl._handleRequest(WebApplicationImpl.java:1473)
	at com.sun.jersey.server.impl.application.WebApplicationImpl.handleRequest(WebApplicationImpl.java:1419)
	at com.sun.jersey.server.impl.application.WebApplicationImpl.handleRequest(WebApplicationImpl.java:1409)
	at com.sun.jersey.spi.container.servlet.WebComponent.service(WebComponent.java:409)
	at com.sun.jersey.spi.container.servlet.ServletContainer.service(ServletContainer.java:558)
	at com.sun.jersey.spi.container.servlet.ServletContainer.service(ServletContainer.java:733)
	at javax.servlet.http.HttpServlet.service(HttpServlet.java:790)
	at org.eclipse.jetty.servlet.ServletHolder.handle(ServletHolder.java:812)
	at org.eclipse.jetty.servlet.ServletHandler$CachedChain.doFilter(ServletHandler.java:1669)
	at org.neo4j.server.rest.dbms.AuthorizationDisabledFilter.doFilter(AuthorizationDisabledFilter.java:49)
	at org.eclipse.jetty.servlet.ServletHandler$CachedChain.doFilter(ServletHandler.java:1652)
	at org.neo4j.server.rest.web.CollectUserAgentFilter.doFilter(CollectUserAgentFilter.java:69)
	at org.eclipse.jetty.servlet.ServletHandler$CachedChain.doFilter(ServletHandler.java:1652)
	at org.eclipse.jetty.servlet.ServletHandler.doHandle(ServletHandler.java:585)
	at org.eclipse.jetty.server.session.SessionHandler.doHandle(SessionHandler.java:221)
	at org.eclipse.jetty.server.handler.ContextHandler.doHandle(ContextHandler.java:1127)
	at org.eclipse.jetty.servlet.ServletHandler.doScope(ServletHandler.java:515)
	at org.eclipse.jetty.server.session.SessionHandler.doScope(SessionHandler.java:185)
	at org.eclipse.jetty.server.handler.ContextHandler.doScope(ContextHandler.java:1061)
	at org.eclipse.jetty.server.handler.ScopedHandler.handle(ScopedHandler.java:141)
	at org.eclipse.jetty.server.handler.HandlerList.handle(HandlerList.java:52)
	at org.eclipse.jetty.server.handler.HandlerWrapper.handle(HandlerWrapper.java:97)
	at org.eclipse.jetty.server.Server.handle(Server.java:499)
	at org.eclipse.jetty.server.HttpChannel.handle(HttpChannel.java:311)
	at org.eclipse.jetty.server.HttpConnection.onFillable(HttpConnection.java:258)
	at org.eclipse.jetty.io.AbstractConnection$2.run(AbstractConnection.java:544)
	at org.eclipse.jetty.util.thread.QueuedThreadPool.runJob(QueuedThreadPool.java:635)
	at org.eclipse.jetty.util.thread.QueuedThreadPool$3.run(QueuedThreadPool.java:555)
	at java.lang.Thread.run(Thread.java:748)
2017-12-14 11:48:09.708+0000 WARN  /db/data/cypher 1
java.lang.ArrayIndexOutOfBoundsException: 1
	at org.neo4j.server.rest.repr.formats.UrlFormFormat.readMap(UrlFormFormat.java:101)
	at org.neo4j.server.rest.web.CypherService.cypher(CypherService.java:90)
	at sun.reflect.NativeMethodAccessorImpl.invoke0(Native Method)
	at sun.reflect.NativeMethodAccessorImpl.invoke(NativeMethodAccessorImpl.java:62)
	at sun.reflect.DelegatingMethodAccessorImpl.invoke(DelegatingMethodAccessorImpl.java:43)
	at java.lang.reflect.Method.invoke(Method.java:498)
	at com.sun.jersey.spi.container.JavaMethodInvokerFactory$1.invoke(JavaMethodInvokerFactory.java:60)
	at com.sun.jersey.server.impl.model.method.dispatch.AbstractResourceMethodDispatchProvider$ResponseOutInvoker._dispatch(AbstractResourceMethodDispatchProvider.java:205)
	at com.sun.jersey.server.impl.model.method.dispatch.ResourceJavaMethodDispatcher.dispatch(ResourceJavaMethodDispatcher.java:75)
	at org.neo4j.server.rest.transactional.TransactionalRequestDispatcher.dispatch(TransactionalRequestDispatcher.java:147)
	at com.sun.jersey.server.impl.uri.rules.HttpMethodRule.accept(HttpMethodRule.java:302)
	at com.sun.jersey.server.impl.uri.rules.ResourceClassRule.accept(ResourceClassRule.java:108)
	at com.sun.jersey.server.impl.uri.rules.RightHandPathRule.accept(RightHandPathRule.java:147)
	at com.sun.jersey.server.impl.uri.rules.RootResourceClassesRule.accept(RootResourceClassesRule.java:84)
	at com.sun.jersey.server.impl.application.WebApplicationImpl._handleRequest(WebApplicationImpl.java:1542)
	at com.sun.jersey.server.impl.application.WebApplicationImpl._handleRequest(WebApplicationImpl.java:1473)
	at com.sun.jersey.server.impl.application.WebApplicationImpl.handleRequest(WebApplicationImpl.java:1419)
	at com.sun.jersey.server.impl.application.WebApplicationImpl.handleRequest(WebApplicationImpl.java:1409)
	at com.sun.jersey.spi.container.servlet.WebComponent.service(WebComponent.java:409)
	at com.sun.jersey.spi.container.servlet.ServletContainer.service(ServletContainer.java:558)
	at com.sun.jersey.spi.container.servlet.ServletContainer.service(ServletContainer.java:733)
	at javax.servlet.http.HttpServlet.service(HttpServlet.java:790)
	at org.eclipse.jetty.servlet.ServletHolder.handle(ServletHolder.java:812)
	at org.eclipse.jetty.servlet.ServletHandler$CachedChain.doFilter(ServletHandler.java:1669)
	at org.neo4j.server.rest.dbms.AuthorizationDisabledFilter.doFilter(AuthorizationDisabledFilter.java:49)
	at org.eclipse.jetty.servlet.ServletHandler$CachedChain.doFilter(ServletHandler.java:1652)
	at org.neo4j.server.rest.web.CollectUserAgentFilter.doFilter(CollectUserAgentFilter.java:69)
	at org.eclipse.jetty.servlet.ServletHandler$CachedChain.doFilter(ServletHandler.java:1652)
	at org.eclipse.jetty.servlet.ServletHandler.doHandle(ServletHandler.java:585)
	at org.eclipse.jetty.server.session.SessionHandler.doHandle(SessionHandler.java:221)
	at org.eclipse.jetty.server.handler.ContextHandler.doHandle(ContextHandler.java:1127)
	at org.eclipse.jetty.servlet.ServletHandler.doScope(ServletHandler.java:515)
	at org.eclipse.jetty.server.session.SessionHandler.doScope(SessionHandler.java:185)
	at org.eclipse.jetty.server.handler.ContextHandler.doScope(ContextHandler.java:1061)
	at org.eclipse.jetty.server.handler.ScopedHandler.handle(ScopedHandler.java:141)
	at org.eclipse.jetty.server.handler.HandlerList.handle(HandlerList.java:52)
	at org.eclipse.jetty.server.handler.HandlerWrapper.handle(HandlerWrapper.java:97)
	at org.eclipse.jetty.server.Server.handle(Server.java:499)
	at org.eclipse.jetty.server.HttpChannel.handle(HttpChannel.java:311)
	at org.eclipse.jetty.server.HttpConnection.onFillable(HttpConnection.java:258)
	at org.eclipse.jetty.io.AbstractConnection$2.run(AbstractConnection.java:544)
	at org.eclipse.jetty.util.thread.QueuedThreadPool.runJob(QueuedThreadPool.java:635)
	at org.eclipse.jetty.util.thread.QueuedThreadPool$3.run(QueuedThreadPool.java:555)
	at java.lang.Thread.run(Thread.java:748)
2017-12-14 14:03:49.937+0000 INFO  Neo4j Server shutdown initiated by request
2017-12-14 14:03:50.545+0000 INFO  Stopping...
2017-12-14 14:03:52.090+0000 INFO  Stopped.
nohup: ignoring input
2017-12-15 06:26:54.505+0000 INFO  ======== Neo4j 3.3.1 ========
2017-12-15 06:26:54.656+0000 INFO  Starting...
2017-12-15 06:26:56.567+0000 INFO  Bolt enabled on 0.0.0.0:7472.
2017-12-15 06:27:02.049+0000 INFO  Started.
2017-12-15 06:27:03.236+0000 WARN  FAILED ServerConnector@3dc7c5fd{HTTP/1.1}{172.16.19.169:8500}: java.net.BindException: Cannot assign requested address Cannot assign requested address
java.net.BindException: Cannot assign requested address
	at sun.nio.ch.Net.bind0(Native Method)
	at sun.nio.ch.Net.bind(Net.java:433)
	at sun.nio.ch.Net.bind(Net.java:425)
	at sun.nio.ch.ServerSocketChannelImpl.bind(ServerSocketChannelImpl.java:223)
	at sun.nio.ch.ServerSocketAdaptor.bind(ServerSocketAdaptor.java:74)
	at org.eclipse.jetty.server.ServerConnector.open(ServerConnector.java:321)
	at org.eclipse.jetty.server.AbstractNetworkConnector.doStart(AbstractNetworkConnector.java:80)
	at org.eclipse.jetty.server.ServerConnector.doStart(ServerConnector.java:236)
	at org.eclipse.jetty.util.component.AbstractLifeCycle.start(AbstractLifeCycle.java:68)
	at org.eclipse.jetty.server.Server.doStart(Server.java:366)
	at org.eclipse.jetty.util.component.AbstractLifeCycle.start(AbstractLifeCycle.java:68)
	at org.neo4j.server.web.Jetty9WebServer.startJetty(Jetty9WebServer.java:339)
	at org.neo4j.server.web.Jetty9WebServer.start(Jetty9WebServer.java:154)
	at org.neo4j.server.AbstractNeoServer.startWebServer(AbstractNeoServer.java:320)
	at org.neo4j.server.AbstractNeoServer.access$700(AbstractNeoServer.java:101)
	at org.neo4j.server.AbstractNeoServer$ServerComponentsLifecycleAdapter.start(AbstractNeoServer.java:540)
	at org.neo4j.kernel.lifecycle.LifeSupport$LifecycleInstance.start(LifeSupport.java:445)
	at org.neo4j.kernel.lifecycle.LifeSupport.start(LifeSupport.java:107)
	at org.neo4j.server.AbstractNeoServer.start(AbstractNeoServer.java:211)
	at org.neo4j.server.ServerBootstrapper.start(ServerBootstrapper.java:111)
	at org.neo4j.server.ServerBootstrapper.start(ServerBootstrapper.java:79)
	at org.neo4j.server.CommunityEntryPoint.main(CommunityEntryPoint.java:32)
2017-12-15 06:27:03.236+0000 WARN  FAILED org.eclipse.jetty.server.Server@7fb9a83c: java.net.BindException: Cannot assign requested address Cannot assign requested address
java.net.BindException: Cannot assign requested address
	at sun.nio.ch.Net.bind0(Native Method)
	at sun.nio.ch.Net.bind(Net.java:433)
	at sun.nio.ch.Net.bind(Net.java:425)
	at sun.nio.ch.ServerSocketChannelImpl.bind(ServerSocketChannelImpl.java:223)
	at sun.nio.ch.ServerSocketAdaptor.bind(ServerSocketAdaptor.java:74)
	at org.eclipse.jetty.server.ServerConnector.open(ServerConnector.java:321)
	at org.eclipse.jetty.server.AbstractNetworkConnector.doStart(AbstractNetworkConnector.java:80)
	at org.eclipse.jetty.server.ServerConnector.doStart(ServerConnector.java:236)
	at org.eclipse.jetty.util.component.AbstractLifeCycle.start(AbstractLifeCycle.java:68)
	at org.eclipse.jetty.server.Server.doStart(Server.java:366)
	at org.eclipse.jetty.util.component.AbstractLifeCycle.start(AbstractLifeCycle.java:68)
	at org.neo4j.server.web.Jetty9WebServer.startJetty(Jetty9WebServer.java:339)
	at org.neo4j.server.web.Jetty9WebServer.start(Jetty9WebServer.java:154)
	at org.neo4j.server.AbstractNeoServer.startWebServer(AbstractNeoServer.java:320)
	at org.neo4j.server.AbstractNeoServer.access$700(AbstractNeoServer.java:101)
	at org.neo4j.server.AbstractNeoServer$ServerComponentsLifecycleAdapter.start(AbstractNeoServer.java:540)
	at org.neo4j.kernel.lifecycle.LifeSupport$LifecycleInstance.start(LifeSupport.java:445)
	at org.neo4j.kernel.lifecycle.LifeSupport.start(LifeSupport.java:107)
	at org.neo4j.server.AbstractNeoServer.start(AbstractNeoServer.java:211)
	at org.neo4j.server.ServerBootstrapper.start(ServerBootstrapper.java:111)
	at org.neo4j.server.ServerBootstrapper.start(ServerBootstrapper.java:79)
	at org.neo4j.server.CommunityEntryPoint.main(CommunityEntryPoint.java:32)
2017-12-15 06:27:03.237+0000 ERROR Failed to start Neo4j on 172.16.19.169:8500: Address 172.16.19.169:8500 is already in use, cannot bind to it.
2017-12-15 06:27:03.272+0000 INFO  Stopping...
2017-12-15 06:27:04.068+0000 INFO  Stopped.
2017-12-15 06:27:04.070+0000 ERROR Failed to start Neo4j: Starting Neo4j failed: Component 'org.neo4j.server.AbstractNeoServer$ServerComponentsLifecycleAdapter@4a10c019' was successfully initialized, but failed to start. Please see the attached cause exception "Address 172.16.19.169:8500 is already in use, cannot bind to it.". Starting Neo4j failed: Component 'org.neo4j.server.AbstractNeoServer$ServerComponentsLifecycleAdapter@4a10c019' was successfully initialized, but failed to start. Please see the attached cause exception "Address 172.16.19.169:8500 is already in use, cannot bind to it.".
org.neo4j.server.ServerStartupException: Starting Neo4j failed: Component 'org.neo4j.server.AbstractNeoServer$ServerComponentsLifecycleAdapter@4a10c019' was successfully initialized, but failed to start. Please see the attached cause exception "Address 172.16.19.169:8500 is already in use, cannot bind to it.".
	at org.neo4j.server.exception.ServerStartupErrors.translateToServerStartupError(ServerStartupErrors.java:68)
	at org.neo4j.server.AbstractNeoServer.start(AbstractNeoServer.java:219)
	at org.neo4j.server.ServerBootstrapper.start(ServerBootstrapper.java:111)
	at org.neo4j.server.ServerBootstrapper.start(ServerBootstrapper.java:79)
	at org.neo4j.server.CommunityEntryPoint.main(CommunityEntryPoint.java:32)
Caused by: org.neo4j.kernel.lifecycle.LifecycleException: Component 'org.neo4j.server.AbstractNeoServer$ServerComponentsLifecycleAdapter@4a10c019' was successfully initialized, but failed to start. Please see the attached cause exception "Address 172.16.19.169:8500 is already in use, cannot bind to it.".
	at org.neo4j.kernel.lifecycle.LifeSupport$LifecycleInstance.start(LifeSupport.java:466)
	at org.neo4j.kernel.lifecycle.LifeSupport.start(LifeSupport.java:107)
	at org.neo4j.server.AbstractNeoServer.start(AbstractNeoServer.java:211)
	... 3 more
Caused by: org.neo4j.helpers.PortBindException: Address 172.16.19.169:8500 is already in use, cannot bind to it.
	at sun.nio.ch.Net.bind0(Native Method)
	at sun.nio.ch.Net.bind(Net.java:433)
	at sun.nio.ch.Net.bind(Net.java:425)
	at sun.nio.ch.ServerSocketChannelImpl.bind(ServerSocketChannelImpl.java:223)
	at sun.nio.ch.ServerSocketAdaptor.bind(ServerSocketAdaptor.java:74)
	at org.eclipse.jetty.server.ServerConnector.open(ServerConnector.java:321)
	at org.eclipse.jetty.server.AbstractNetworkConnector.doStart(AbstractNetworkConnector.java:80)
	at org.eclipse.jetty.server.ServerConnector.doStart(ServerConnector.java:236)
	at org.eclipse.jetty.util.component.AbstractLifeCycle.start(AbstractLifeCycle.java:68)
	at org.eclipse.jetty.server.Server.doStart(Server.java:366)
	at org.eclipse.jetty.util.component.AbstractLifeCycle.start(AbstractLifeCycle.java:68)
	at org.neo4j.server.web.Jetty9WebServer.startJetty(Jetty9WebServer.java:339)
	at org.neo4j.server.web.Jetty9WebServer.start(Jetty9WebServer.java:154)
	at org.neo4j.server.AbstractNeoServer.startWebServer(AbstractNeoServer.java:320)
	at org.neo4j.server.AbstractNeoServer.access$700(AbstractNeoServer.java:101)
	at org.neo4j.server.AbstractNeoServer$ServerComponentsLifecycleAdapter.start(AbstractNeoServer.java:540)
	at org.neo4j.kernel.lifecycle.LifeSupport$LifecycleInstance.start(LifeSupport.java:445)
	... 5 more
2017-12-15 06:27:04.070+0000 INFO  Neo4j Server shutdown initiated by request
nohup: ignoring input
2017-12-15 06:27:41.026+0000 INFO  ======== Neo4j 3.3.1 ========
2017-12-15 06:27:41.048+0000 INFO  Starting...
2017-12-15 06:27:41.562+0000 INFO  Bolt enabled on 0.0.0.0:7472.
2017-12-15 06:27:44.608+0000 INFO  Started.
2017-12-15 06:27:45.495+0000 INFO  Remote interface available at http://localhost:8500/
2017-12-15 14:07:31.638+0000 INFO  Neo4j Server shutdown initiated by request
2017-12-15 14:07:32.338+0000 INFO  Stopping...
2017-12-15 14:07:33.785+0000 INFO  Stopped.
nohup: ignoring input
2017-12-18 05:01:36.485+0000 INFO  ======== Neo4j 3.3.1 ========
2017-12-18 05:01:36.619+0000 INFO  Starting...
2017-12-18 05:01:38.613+0000 INFO  Bolt enabled on 0.0.0.0:7472.
2017-12-18 05:01:44.035+0000 INFO  Started.
2017-12-18 05:01:46.218+0000 WARN  FAILED ServerConnector@62871522{HTTP/1.1}{172.16.19.200:8500}: java.net.BindException: Cannot assign requested address Cannot assign requested address
java.net.BindException: Cannot assign requested address
	at sun.nio.ch.Net.bind0(Native Method)
	at sun.nio.ch.Net.bind(Net.java:433)
	at sun.nio.ch.Net.bind(Net.java:425)
	at sun.nio.ch.ServerSocketChannelImpl.bind(ServerSocketChannelImpl.java:223)
	at sun.nio.ch.ServerSocketAdaptor.bind(ServerSocketAdaptor.java:74)
	at org.eclipse.jetty.server.ServerConnector.open(ServerConnector.java:321)
	at org.eclipse.jetty.server.AbstractNetworkConnector.doStart(AbstractNetworkConnector.java:80)
	at org.eclipse.jetty.server.ServerConnector.doStart(ServerConnector.java:236)
	at org.eclipse.jetty.util.component.AbstractLifeCycle.start(AbstractLifeCycle.java:68)
	at org.eclipse.jetty.server.Server.doStart(Server.java:366)
	at org.eclipse.jetty.util.component.AbstractLifeCycle.start(AbstractLifeCycle.java:68)
	at org.neo4j.server.web.Jetty9WebServer.startJetty(Jetty9WebServer.java:339)
	at org.neo4j.server.web.Jetty9WebServer.start(Jetty9WebServer.java:154)
	at org.neo4j.server.AbstractNeoServer.startWebServer(AbstractNeoServer.java:320)
	at org.neo4j.server.AbstractNeoServer.access$700(AbstractNeoServer.java:101)
	at org.neo4j.server.AbstractNeoServer$ServerComponentsLifecycleAdapter.start(AbstractNeoServer.java:540)
	at org.neo4j.kernel.lifecycle.LifeSupport$LifecycleInstance.start(LifeSupport.java:445)
	at org.neo4j.kernel.lifecycle.LifeSupport.start(LifeSupport.java:107)
	at org.neo4j.server.AbstractNeoServer.start(AbstractNeoServer.java:211)
	at org.neo4j.server.ServerBootstrapper.start(ServerBootstrapper.java:111)
	at org.neo4j.server.ServerBootstrapper.start(ServerBootstrapper.java:79)
	at org.neo4j.server.CommunityEntryPoint.main(CommunityEntryPoint.java:32)
2017-12-18 05:01:46.218+0000 WARN  FAILED org.eclipse.jetty.server.Server@517d9cd5: java.net.BindException: Cannot assign requested address Cannot assign requested address
java.net.BindException: Cannot assign requested address
	at sun.nio.ch.Net.bind0(Native Method)
	at sun.nio.ch.Net.bind(Net.java:433)
	at sun.nio.ch.Net.bind(Net.java:425)
	at sun.nio.ch.ServerSocketChannelImpl.bind(ServerSocketChannelImpl.java:223)
	at sun.nio.ch.ServerSocketAdaptor.bind(ServerSocketAdaptor.java:74)
	at org.eclipse.jetty.server.ServerConnector.open(ServerConnector.java:321)
	at org.eclipse.jetty.server.AbstractNetworkConnector.doStart(AbstractNetworkConnector.java:80)
	at org.eclipse.jetty.server.ServerConnector.doStart(ServerConnector.java:236)
	at org.eclipse.jetty.util.component.AbstractLifeCycle.start(AbstractLifeCycle.java:68)
	at org.eclipse.jetty.server.Server.doStart(Server.java:366)
	at org.eclipse.jetty.util.component.AbstractLifeCycle.start(AbstractLifeCycle.java:68)
	at org.neo4j.server.web.Jetty9WebServer.startJetty(Jetty9WebServer.java:339)
	at org.neo4j.server.web.Jetty9WebServer.start(Jetty9WebServer.java:154)
	at org.neo4j.server.AbstractNeoServer.startWebServer(AbstractNeoServer.java:320)
	at org.neo4j.server.AbstractNeoServer.access$700(AbstractNeoServer.java:101)
	at org.neo4j.server.AbstractNeoServer$ServerComponentsLifecycleAdapter.start(AbstractNeoServer.java:540)
	at org.neo4j.kernel.lifecycle.LifeSupport$LifecycleInstance.start(LifeSupport.java:445)
	at org.neo4j.kernel.lifecycle.LifeSupport.start(LifeSupport.java:107)
	at org.neo4j.server.AbstractNeoServer.start(AbstractNeoServer.java:211)
	at org.neo4j.server.ServerBootstrapper.start(ServerBootstrapper.java:111)
	at org.neo4j.server.ServerBootstrapper.start(ServerBootstrapper.java:79)
	at org.neo4j.server.CommunityEntryPoint.main(CommunityEntryPoint.java:32)
2017-12-18 05:01:46.219+0000 ERROR Failed to start Neo4j on 172.16.19.200:8500: Address 172.16.19.200:8500 is already in use, cannot bind to it.
2017-12-18 05:01:46.345+0000 INFO  Stopping...
2017-12-18 05:01:47.885+0000 INFO  Stopped.
2017-12-18 05:01:47.887+0000 ERROR Failed to start Neo4j: Starting Neo4j failed: Component 'org.neo4j.server.AbstractNeoServer$ServerComponentsLifecycleAdapter@37f627d0' was successfully initialized, but failed to start. Please see the attached cause exception "Address 172.16.19.200:8500 is already in use, cannot bind to it.". Starting Neo4j failed: Component 'org.neo4j.server.AbstractNeoServer$ServerComponentsLifecycleAdapter@37f627d0' was successfully initialized, but failed to start. Please see the attached cause exception "Address 172.16.19.200:8500 is already in use, cannot bind to it.".
org.neo4j.server.ServerStartupException: Starting Neo4j failed: Component 'org.neo4j.server.AbstractNeoServer$ServerComponentsLifecycleAdapter@37f627d0' was successfully initialized, but failed to start. Please see the attached cause exception "Address 172.16.19.200:8500 is already in use, cannot bind to it.".
	at org.neo4j.server.exception.ServerStartupErrors.translateToServerStartupError(ServerStartupErrors.java:68)
	at org.neo4j.server.AbstractNeoServer.start(AbstractNeoServer.java:219)
	at org.neo4j.server.ServerBootstrapper.start(ServerBootstrapper.java:111)
	at org.neo4j.server.ServerBootstrapper.start(ServerBootstrapper.java:79)
	at org.neo4j.server.CommunityEntryPoint.main(CommunityEntryPoint.java:32)
Caused by: org.neo4j.kernel.lifecycle.LifecycleException: Component 'org.neo4j.server.AbstractNeoServer$ServerComponentsLifecycleAdapter@37f627d0' was successfully initialized, but failed to start. Please see the attached cause exception "Address 172.16.19.200:8500 is already in use, cannot bind to it.".
	at org.neo4j.kernel.lifecycle.LifeSupport$LifecycleInstance.start(LifeSupport.java:466)
	at org.neo4j.kernel.lifecycle.LifeSupport.start(LifeSupport.java:107)
	at org.neo4j.server.AbstractNeoServer.start(AbstractNeoServer.java:211)
	... 3 more
Caused by: org.neo4j.helpers.PortBindException: Address 172.16.19.200:8500 is already in use, cannot bind to it.
	at sun.nio.ch.Net.bind0(Native Method)
	at sun.nio.ch.Net.bind(Net.java:433)
	at sun.nio.ch.Net.bind(Net.java:425)
	at sun.nio.ch.ServerSocketChannelImpl.bind(ServerSocketChannelImpl.java:223)
	at sun.nio.ch.ServerSocketAdaptor.bind(ServerSocketAdaptor.java:74)
	at org.eclipse.jetty.server.ServerConnector.open(ServerConnector.java:321)
	at org.eclipse.jetty.server.AbstractNetworkConnector.doStart(AbstractNetworkConnector.java:80)
	at org.eclipse.jetty.server.ServerConnector.doStart(ServerConnector.java:236)
	at org.eclipse.jetty.util.component.AbstractLifeCycle.start(AbstractLifeCycle.java:68)
	at org.eclipse.jetty.server.Server.doStart(Server.java:366)
	at org.eclipse.jetty.util.component.AbstractLifeCycle.start(AbstractLifeCycle.java:68)
	at org.neo4j.server.web.Jetty9WebServer.startJetty(Jetty9WebServer.java:339)
	at org.neo4j.server.web.Jetty9WebServer.start(Jetty9WebServer.java:154)
	at org.neo4j.server.AbstractNeoServer.startWebServer(AbstractNeoServer.java:320)
	at org.neo4j.server.AbstractNeoServer.access$700(AbstractNeoServer.java:101)
	at org.neo4j.server.AbstractNeoServer$ServerComponentsLifecycleAdapter.start(AbstractNeoServer.java:540)
	at org.neo4j.kernel.lifecycle.LifeSupport$LifecycleInstance.start(LifeSupport.java:445)
	... 5 more
2017-12-18 05:01:47.888+0000 INFO  Neo4j Server shutdown initiated by request
nohup: ignoring input
2017-12-18 05:02:27.953+0000 INFO  ======== Neo4j 3.3.1 ========
2017-12-18 05:02:27.975+0000 INFO  Starting...
2017-12-18 05:02:28.499+0000 INFO  Bolt enabled on 0.0.0.0:7472.
2017-12-18 05:02:31.278+0000 INFO  Started.
2017-12-18 05:02:32.264+0000 INFO  Remote interface available at http://localhost:8500/
nohup: ignoring input
2017-12-21 06:52:04.873+0000 INFO  ======== Neo4j 3.3.1 ========
2017-12-21 06:52:04.895+0000 INFO  Starting...
2017-12-21 06:52:05.422+0000 INFO  Bolt enabled on 0.0.0.0:7472.
2017-12-21 06:52:05.485+0000 ERROR Failed to start Neo4j: Starting Neo4j failed: Component 'org.neo4j.server.database.LifecycleManagingDatabase@43599640' was successfully initialized, but failed to start. Please see the attached cause exception "Store and its lock file has been locked by another process: /home/hariprasad/work/neo4j/db/neo4j/development/data/databases/graph.db/store_lock. Please ensure no other process is using this database, and that the directory is writable (required even for read-only access)". Starting Neo4j failed: Component 'org.neo4j.server.database.LifecycleManagingDatabase@43599640' was successfully initialized, but failed to start. Please see the attached cause exception "Store and its lock file has been locked by another process: /home/hariprasad/work/neo4j/db/neo4j/development/data/databases/graph.db/store_lock. Please ensure no other process is using this database, and that the directory is writable (required even for read-only access)".
org.neo4j.server.ServerStartupException: Starting Neo4j failed: Component 'org.neo4j.server.database.LifecycleManagingDatabase@43599640' was successfully initialized, but failed to start. Please see the attached cause exception "Store and its lock file has been locked by another process: /home/hariprasad/work/neo4j/db/neo4j/development/data/databases/graph.db/store_lock. Please ensure no other process is using this database, and that the directory is writable (required even for read-only access)".
	at org.neo4j.server.exception.ServerStartupErrors.translateToServerStartupError(ServerStartupErrors.java:68)
	at org.neo4j.server.AbstractNeoServer.start(AbstractNeoServer.java:219)
	at org.neo4j.server.ServerBootstrapper.start(ServerBootstrapper.java:111)
	at org.neo4j.server.ServerBootstrapper.start(ServerBootstrapper.java:79)
	at org.neo4j.server.CommunityEntryPoint.main(CommunityEntryPoint.java:32)
Caused by: org.neo4j.kernel.lifecycle.LifecycleException: Component 'org.neo4j.server.database.LifecycleManagingDatabase@43599640' was successfully initialized, but failed to start. Please see the attached cause exception "Store and its lock file has been locked by another process: /home/hariprasad/work/neo4j/db/neo4j/development/data/databases/graph.db/store_lock. Please ensure no other process is using this database, and that the directory is writable (required even for read-only access)".
	at org.neo4j.kernel.lifecycle.LifeSupport$LifecycleInstance.start(LifeSupport.java:466)
	at org.neo4j.kernel.lifecycle.LifeSupport.start(LifeSupport.java:107)
	at org.neo4j.server.AbstractNeoServer.start(AbstractNeoServer.java:211)
	... 3 more
Caused by: java.lang.RuntimeException: Error starting org.neo4j.kernel.impl.factory.GraphDatabaseFacadeFactory, /home/hariprasad/work/neo4j/db/neo4j/development/data/databases/graph.db
	at org.neo4j.kernel.impl.factory.GraphDatabaseFacadeFactory.initFacade(GraphDatabaseFacadeFactory.java:211)
	at org.neo4j.kernel.impl.factory.GraphDatabaseFacadeFactory.newFacade(GraphDatabaseFacadeFactory.java:126)
	at org.neo4j.server.CommunityNeoServer.lambda$static$0(CommunityNeoServer.java:58)
	at org.neo4j.server.database.LifecycleManagingDatabase.start(LifecycleManagingDatabase.java:88)
	at org.neo4j.kernel.lifecycle.LifeSupport$LifecycleInstance.start(LifeSupport.java:445)
	... 5 more
Caused by: org.neo4j.kernel.lifecycle.LifecycleException: Component 'org.neo4j.kernel.internal.locker.StoreLockerLifecycleAdapter@a82c5f1' was successfully initialized, but failed to start. Please see the attached cause exception "Store and its lock file has been locked by another process: /home/hariprasad/work/neo4j/db/neo4j/development/data/databases/graph.db/store_lock. Please ensure no other process is using this database, and that the directory is writable (required even for read-only access)".
	at org.neo4j.kernel.lifecycle.LifeSupport$LifecycleInstance.start(LifeSupport.java:466)
	at org.neo4j.kernel.lifecycle.LifeSupport.start(LifeSupport.java:107)
	at org.neo4j.kernel.impl.factory.GraphDatabaseFacadeFactory.initFacade(GraphDatabaseFacadeFactory.java:207)
	... 9 more
Caused by: org.neo4j.kernel.StoreLockException: Store and its lock file has been locked by another process: /home/hariprasad/work/neo4j/db/neo4j/development/data/databases/graph.db/store_lock. Please ensure no other process is using this database, and that the directory is writable (required even for read-only access)
	at org.neo4j.kernel.internal.locker.StoreLocker.storeLockException(StoreLocker.java:116)
	at org.neo4j.kernel.internal.locker.StoreLocker.checkLock(StoreLocker.java:92)
	at org.neo4j.kernel.internal.locker.GlobalStoreLocker.checkLock(GlobalStoreLocker.java:60)
	at org.neo4j.kernel.internal.locker.StoreLockerLifecycleAdapter.start(StoreLockerLifecycleAdapter.java:36)
	at org.neo4j.kernel.lifecycle.LifeSupport$LifecycleInstance.start(LifeSupport.java:445)
	... 11 more
2017-12-21 06:52:05.486+0000 INFO  Neo4j Server shutdown initiated by request
nohup: ignoring input
2017-12-21 06:52:59.536+0000 INFO  ======== Neo4j 3.3.1 ========
2017-12-21 06:52:59.557+0000 INFO  Starting...
2017-12-21 06:53:00.063+0000 INFO  Bolt enabled on 0.0.0.0:7472.
2017-12-21 06:53:03.659+0000 INFO  Started.
2017-12-21 06:53:04.689+0000 WARN  FAILED ServerConnector@4423692a{HTTP/1.1}{172.16.18.209:8500}: java.net.BindException: Cannot assign requested address Cannot assign requested address
java.net.BindException: Cannot assign requested address
	at sun.nio.ch.Net.bind0(Native Method)
	at sun.nio.ch.Net.bind(Net.java:433)
	at sun.nio.ch.Net.bind(Net.java:425)
	at sun.nio.ch.ServerSocketChannelImpl.bind(ServerSocketChannelImpl.java:223)
	at sun.nio.ch.ServerSocketAdaptor.bind(ServerSocketAdaptor.java:74)
	at org.eclipse.jetty.server.ServerConnector.open(ServerConnector.java:321)
	at org.eclipse.jetty.server.AbstractNetworkConnector.doStart(AbstractNetworkConnector.java:80)
	at org.eclipse.jetty.server.ServerConnector.doStart(ServerConnector.java:236)
	at org.eclipse.jetty.util.component.AbstractLifeCycle.start(AbstractLifeCycle.java:68)
	at org.eclipse.jetty.server.Server.doStart(Server.java:366)
	at org.eclipse.jetty.util.component.AbstractLifeCycle.start(AbstractLifeCycle.java:68)
	at org.neo4j.server.web.Jetty9WebServer.startJetty(Jetty9WebServer.java:339)
	at org.neo4j.server.web.Jetty9WebServer.start(Jetty9WebServer.java:154)
	at org.neo4j.server.AbstractNeoServer.startWebServer(AbstractNeoServer.java:320)
	at org.neo4j.server.AbstractNeoServer.access$700(AbstractNeoServer.java:101)
	at org.neo4j.server.AbstractNeoServer$ServerComponentsLifecycleAdapter.start(AbstractNeoServer.java:540)
	at org.neo4j.kernel.lifecycle.LifeSupport$LifecycleInstance.start(LifeSupport.java:445)
	at org.neo4j.kernel.lifecycle.LifeSupport.start(LifeSupport.java:107)
	at org.neo4j.server.AbstractNeoServer.start(AbstractNeoServer.java:211)
	at org.neo4j.server.ServerBootstrapper.start(ServerBootstrapper.java:111)
	at org.neo4j.server.ServerBootstrapper.start(ServerBootstrapper.java:79)
	at org.neo4j.server.CommunityEntryPoint.main(CommunityEntryPoint.java:32)
2017-12-21 06:53:04.689+0000 WARN  FAILED org.eclipse.jetty.server.Server@29ae2517: java.net.BindException: Cannot assign requested address Cannot assign requested address
java.net.BindException: Cannot assign requested address
	at sun.nio.ch.Net.bind0(Native Method)
	at sun.nio.ch.Net.bind(Net.java:433)
	at sun.nio.ch.Net.bind(Net.java:425)
	at sun.nio.ch.ServerSocketChannelImpl.bind(ServerSocketChannelImpl.java:223)
	at sun.nio.ch.ServerSocketAdaptor.bind(ServerSocketAdaptor.java:74)
	at org.eclipse.jetty.server.ServerConnector.open(ServerConnector.java:321)
	at org.eclipse.jetty.server.AbstractNetworkConnector.doStart(AbstractNetworkConnector.java:80)
	at org.eclipse.jetty.server.ServerConnector.doStart(ServerConnector.java:236)
	at org.eclipse.jetty.util.component.AbstractLifeCycle.start(AbstractLifeCycle.java:68)
	at org.eclipse.jetty.server.Server.doStart(Server.java:366)
	at org.eclipse.jetty.util.component.AbstractLifeCycle.start(AbstractLifeCycle.java:68)
	at org.neo4j.server.web.Jetty9WebServer.startJetty(Jetty9WebServer.java:339)
	at org.neo4j.server.web.Jetty9WebServer.start(Jetty9WebServer.java:154)
	at org.neo4j.server.AbstractNeoServer.startWebServer(AbstractNeoServer.java:320)
	at org.neo4j.server.AbstractNeoServer.access$700(AbstractNeoServer.java:101)
	at org.neo4j.server.AbstractNeoServer$ServerComponentsLifecycleAdapter.start(AbstractNeoServer.java:540)
	at org.neo4j.kernel.lifecycle.LifeSupport$LifecycleInstance.start(LifeSupport.java:445)
	at org.neo4j.kernel.lifecycle.LifeSupport.start(LifeSupport.java:107)
	at org.neo4j.server.AbstractNeoServer.start(AbstractNeoServer.java:211)
	at org.neo4j.server.ServerBootstrapper.start(ServerBootstrapper.java:111)
	at org.neo4j.server.ServerBootstrapper.start(ServerBootstrapper.java:79)
	at org.neo4j.server.CommunityEntryPoint.main(CommunityEntryPoint.java:32)
2017-12-21 06:53:04.689+0000 ERROR Failed to start Neo4j on 172.16.18.209:8500: Address 172.16.18.209:8500 is already in use, cannot bind to it.
2017-12-21 06:53:04.700+0000 INFO  Stopping...
2017-12-21 06:53:05.546+0000 INFO  Stopped.
2017-12-21 06:53:05.548+0000 ERROR Failed to start Neo4j: Starting Neo4j failed: Component 'org.neo4j.server.AbstractNeoServer$ServerComponentsLifecycleAdapter@11896124' was successfully initialized, but failed to start. Please see the attached cause exception "Address 172.16.18.209:8500 is already in use, cannot bind to it.". Starting Neo4j failed: Component 'org.neo4j.server.AbstractNeoServer$ServerComponentsLifecycleAdapter@11896124' was successfully initialized, but failed to start. Please see the attached cause exception "Address 172.16.18.209:8500 is already in use, cannot bind to it.".
org.neo4j.server.ServerStartupException: Starting Neo4j failed: Component 'org.neo4j.server.AbstractNeoServer$ServerComponentsLifecycleAdapter@11896124' was successfully initialized, but failed to start. Please see the attached cause exception "Address 172.16.18.209:8500 is already in use, cannot bind to it.".
	at org.neo4j.server.exception.ServerStartupErrors.translateToServerStartupError(ServerStartupErrors.java:68)
	at org.neo4j.server.AbstractNeoServer.start(AbstractNeoServer.java:219)
	at org.neo4j.server.ServerBootstrapper.start(ServerBootstrapper.java:111)
	at org.neo4j.server.ServerBootstrapper.start(ServerBootstrapper.java:79)
	at org.neo4j.server.CommunityEntryPoint.main(CommunityEntryPoint.java:32)
Caused by: org.neo4j.kernel.lifecycle.LifecycleException: Component 'org.neo4j.server.AbstractNeoServer$ServerComponentsLifecycleAdapter@11896124' was successfully initialized, but failed to start. Please see the attached cause exception "Address 172.16.18.209:8500 is already in use, cannot bind to it.".
	at org.neo4j.kernel.lifecycle.LifeSupport$LifecycleInstance.start(LifeSupport.java:466)
	at org.neo4j.kernel.lifecycle.LifeSupport.start(LifeSupport.java:107)
	at org.neo4j.server.AbstractNeoServer.start(AbstractNeoServer.java:211)
	... 3 more
Caused by: org.neo4j.helpers.PortBindException: Address 172.16.18.209:8500 is already in use, cannot bind to it.
	at sun.nio.ch.Net.bind0(Native Method)
	at sun.nio.ch.Net.bind(Net.java:433)
	at sun.nio.ch.Net.bind(Net.java:425)
	at sun.nio.ch.ServerSocketChannelImpl.bind(ServerSocketChannelImpl.java:223)
	at sun.nio.ch.ServerSocketAdaptor.bind(ServerSocketAdaptor.java:74)
	at org.eclipse.jetty.server.ServerConnector.open(ServerConnector.java:321)
	at org.eclipse.jetty.server.AbstractNetworkConnector.doStart(AbstractNetworkConnector.java:80)
	at org.eclipse.jetty.server.ServerConnector.doStart(ServerConnector.java:236)
	at org.eclipse.jetty.util.component.AbstractLifeCycle.start(AbstractLifeCycle.java:68)
	at org.eclipse.jetty.server.Server.doStart(Server.java:366)
	at org.eclipse.jetty.util.component.AbstractLifeCycle.start(AbstractLifeCycle.java:68)
	at org.neo4j.server.web.Jetty9WebServer.startJetty(Jetty9WebServer.java:339)
	at org.neo4j.server.web.Jetty9WebServer.start(Jetty9WebServer.java:154)
	at org.neo4j.server.AbstractNeoServer.startWebServer(AbstractNeoServer.java:320)
	at org.neo4j.server.AbstractNeoServer.access$700(AbstractNeoServer.java:101)
	at org.neo4j.server.AbstractNeoServer$ServerComponentsLifecycleAdapter.start(AbstractNeoServer.java:540)
	at org.neo4j.kernel.lifecycle.LifeSupport$LifecycleInstance.start(LifeSupport.java:445)
	... 5 more
2017-12-21 06:53:05.548+0000 INFO  Neo4j Server shutdown initiated by request
nohup: ignoring input
2017-12-21 06:53:40.894+0000 INFO  ======== Neo4j 3.3.1 ========
2017-12-21 06:53:40.916+0000 INFO  Starting...
2017-12-21 06:53:41.438+0000 INFO  Bolt enabled on 0.0.0.0:7472.
2017-12-21 06:53:44.441+0000 INFO  Started.
2017-12-21 06:53:45.364+0000 INFO  Remote interface available at http://localhost:8500/
2017-12-21 14:08:53.381+0000 INFO  Neo4j Server shutdown initiated by request
2017-12-21 14:08:53.482+0000 INFO  Stopping...
2017-12-21 14:08:55.166+0000 INFO  Stopped.
nohup: ignoring input
2017-12-22 06:03:14.084+0000 INFO  ======== Neo4j 3.3.1 ========
2017-12-22 06:03:14.219+0000 INFO  Starting...
2017-12-22 06:03:16.545+0000 INFO  Bolt enabled on 0.0.0.0:7472.
2017-12-22 06:03:22.022+0000 INFO  Started.
2017-12-22 06:03:23.318+0000 INFO  Remote interface available at http://localhost:8500/
2017-12-22 13:02:16.046+0000 INFO  Neo4j Server shutdown initiated by request
2017-12-22 13:02:16.105+0000 INFO  Stopping...
2017-12-22 13:02:16.985+0000 INFO  Stopped.
nohup: ignoring input
2017-12-26 07:06:06.798+0000 INFO  ======== Neo4j 3.3.1 ========
2017-12-26 07:06:06.982+0000 INFO  Starting...
2017-12-26 07:06:09.110+0000 INFO  Bolt enabled on 0.0.0.0:7472.
2017-12-26 07:06:15.957+0000 INFO  Started.
2017-12-26 07:06:17.229+0000 WARN  FAILED ServerConnector@263e512e{HTTP/1.1}{172.16.19.23:8500}: java.net.BindException: Cannot assign requested address Cannot assign requested address
java.net.BindException: Cannot assign requested address
	at sun.nio.ch.Net.bind0(Native Method)
	at sun.nio.ch.Net.bind(Net.java:433)
	at sun.nio.ch.Net.bind(Net.java:425)
	at sun.nio.ch.ServerSocketChannelImpl.bind(ServerSocketChannelImpl.java:223)
	at sun.nio.ch.ServerSocketAdaptor.bind(ServerSocketAdaptor.java:74)
	at org.eclipse.jetty.server.ServerConnector.open(ServerConnector.java:321)
	at org.eclipse.jetty.server.AbstractNetworkConnector.doStart(AbstractNetworkConnector.java:80)
	at org.eclipse.jetty.server.ServerConnector.doStart(ServerConnector.java:236)
	at org.eclipse.jetty.util.component.AbstractLifeCycle.start(AbstractLifeCycle.java:68)
	at org.eclipse.jetty.server.Server.doStart(Server.java:366)
	at org.eclipse.jetty.util.component.AbstractLifeCycle.start(AbstractLifeCycle.java:68)
	at org.neo4j.server.web.Jetty9WebServer.startJetty(Jetty9WebServer.java:339)
	at org.neo4j.server.web.Jetty9WebServer.start(Jetty9WebServer.java:154)
	at org.neo4j.server.AbstractNeoServer.startWebServer(AbstractNeoServer.java:320)
	at org.neo4j.server.AbstractNeoServer.access$700(AbstractNeoServer.java:101)
	at org.neo4j.server.AbstractNeoServer$ServerComponentsLifecycleAdapter.start(AbstractNeoServer.java:540)
	at org.neo4j.kernel.lifecycle.LifeSupport$LifecycleInstance.start(LifeSupport.java:445)
	at org.neo4j.kernel.lifecycle.LifeSupport.start(LifeSupport.java:107)
	at org.neo4j.server.AbstractNeoServer.start(AbstractNeoServer.java:211)
	at org.neo4j.server.ServerBootstrapper.start(ServerBootstrapper.java:111)
	at org.neo4j.server.ServerBootstrapper.start(ServerBootstrapper.java:79)
	at org.neo4j.server.CommunityEntryPoint.main(CommunityEntryPoint.java:32)
2017-12-26 07:06:17.230+0000 WARN  FAILED org.eclipse.jetty.server.Server@6a8bcb64: java.net.BindException: Cannot assign requested address Cannot assign requested address
java.net.BindException: Cannot assign requested address
	at sun.nio.ch.Net.bind0(Native Method)
	at sun.nio.ch.Net.bind(Net.java:433)
	at sun.nio.ch.Net.bind(Net.java:425)
	at sun.nio.ch.ServerSocketChannelImpl.bind(ServerSocketChannelImpl.java:223)
	at sun.nio.ch.ServerSocketAdaptor.bind(ServerSocketAdaptor.java:74)
	at org.eclipse.jetty.server.ServerConnector.open(ServerConnector.java:321)
	at org.eclipse.jetty.server.AbstractNetworkConnector.doStart(AbstractNetworkConnector.java:80)
	at org.eclipse.jetty.server.ServerConnector.doStart(ServerConnector.java:236)
	at org.eclipse.jetty.util.component.AbstractLifeCycle.start(AbstractLifeCycle.java:68)
	at org.eclipse.jetty.server.Server.doStart(Server.java:366)
	at org.eclipse.jetty.util.component.AbstractLifeCycle.start(AbstractLifeCycle.java:68)
	at org.neo4j.server.web.Jetty9WebServer.startJetty(Jetty9WebServer.java:339)
	at org.neo4j.server.web.Jetty9WebServer.start(Jetty9WebServer.java:154)
	at org.neo4j.server.AbstractNeoServer.startWebServer(AbstractNeoServer.java:320)
	at org.neo4j.server.AbstractNeoServer.access$700(AbstractNeoServer.java:101)
	at org.neo4j.server.AbstractNeoServer$ServerComponentsLifecycleAdapter.start(AbstractNeoServer.java:540)
	at org.neo4j.kernel.lifecycle.LifeSupport$LifecycleInstance.start(LifeSupport.java:445)
	at org.neo4j.kernel.lifecycle.LifeSupport.start(LifeSupport.java:107)
	at org.neo4j.server.AbstractNeoServer.start(AbstractNeoServer.java:211)
	at org.neo4j.server.ServerBootstrapper.start(ServerBootstrapper.java:111)
	at org.neo4j.server.ServerBootstrapper.start(ServerBootstrapper.java:79)
	at org.neo4j.server.CommunityEntryPoint.main(CommunityEntryPoint.java:32)
2017-12-26 07:06:17.230+0000 ERROR Failed to start Neo4j on 172.16.19.23:8500: Address 172.16.19.23:8500 is already in use, cannot bind to it.
2017-12-26 07:06:17.253+0000 INFO  Stopping...
2017-12-26 07:06:18.148+0000 INFO  Stopped.
2017-12-26 07:06:18.150+0000 ERROR Failed to start Neo4j: Starting Neo4j failed: Component 'org.neo4j.server.AbstractNeoServer$ServerComponentsLifecycleAdapter@ed1d2cf' was successfully initialized, but failed to start. Please see the attached cause exception "Address 172.16.19.23:8500 is already in use, cannot bind to it.". Starting Neo4j failed: Component 'org.neo4j.server.AbstractNeoServer$ServerComponentsLifecycleAdapter@ed1d2cf' was successfully initialized, but failed to start. Please see the attached cause exception "Address 172.16.19.23:8500 is already in use, cannot bind to it.".
org.neo4j.server.ServerStartupException: Starting Neo4j failed: Component 'org.neo4j.server.AbstractNeoServer$ServerComponentsLifecycleAdapter@ed1d2cf' was successfully initialized, but failed to start. Please see the attached cause exception "Address 172.16.19.23:8500 is already in use, cannot bind to it.".
	at org.neo4j.server.exception.ServerStartupErrors.translateToServerStartupError(ServerStartupErrors.java:68)
	at org.neo4j.server.AbstractNeoServer.start(AbstractNeoServer.java:219)
	at org.neo4j.server.ServerBootstrapper.start(ServerBootstrapper.java:111)
	at org.neo4j.server.ServerBootstrapper.start(ServerBootstrapper.java:79)
	at org.neo4j.server.CommunityEntryPoint.main(CommunityEntryPoint.java:32)
Caused by: org.neo4j.kernel.lifecycle.LifecycleException: Component 'org.neo4j.server.AbstractNeoServer$ServerComponentsLifecycleAdapter@ed1d2cf' was successfully initialized, but failed to start. Please see the attached cause exception "Address 172.16.19.23:8500 is already in use, cannot bind to it.".
	at org.neo4j.kernel.lifecycle.LifeSupport$LifecycleInstance.start(LifeSupport.java:466)
	at org.neo4j.kernel.lifecycle.LifeSupport.start(LifeSupport.java:107)
	at org.neo4j.server.AbstractNeoServer.start(AbstractNeoServer.java:211)
	... 3 more
Caused by: org.neo4j.helpers.PortBindException: Address 172.16.19.23:8500 is already in use, cannot bind to it.
	at sun.nio.ch.Net.bind0(Native Method)
	at sun.nio.ch.Net.bind(Net.java:433)
	at sun.nio.ch.Net.bind(Net.java:425)
	at sun.nio.ch.ServerSocketChannelImpl.bind(ServerSocketChannelImpl.java:223)
	at sun.nio.ch.ServerSocketAdaptor.bind(ServerSocketAdaptor.java:74)
	at org.eclipse.jetty.server.ServerConnector.open(ServerConnector.java:321)
	at org.eclipse.jetty.server.AbstractNetworkConnector.doStart(AbstractNetworkConnector.java:80)
	at org.eclipse.jetty.server.ServerConnector.doStart(ServerConnector.java:236)
	at org.eclipse.jetty.util.component.AbstractLifeCycle.start(AbstractLifeCycle.java:68)
	at org.eclipse.jetty.server.Server.doStart(Server.java:366)
	at org.eclipse.jetty.util.component.AbstractLifeCycle.start(AbstractLifeCycle.java:68)
	at org.neo4j.server.web.Jetty9WebServer.startJetty(Jetty9WebServer.java:339)
	at org.neo4j.server.web.Jetty9WebServer.start(Jetty9WebServer.java:154)
	at org.neo4j.server.AbstractNeoServer.startWebServer(AbstractNeoServer.java:320)
	at org.neo4j.server.AbstractNeoServer.access$700(AbstractNeoServer.java:101)
	at org.neo4j.server.AbstractNeoServer$ServerComponentsLifecycleAdapter.start(AbstractNeoServer.java:540)
	at org.neo4j.kernel.lifecycle.LifeSupport$LifecycleInstance.start(LifeSupport.java:445)
	... 5 more
2017-12-26 07:06:18.151+0000 INFO  Neo4j Server shutdown initiated by request
nohup: ignoring input
2017-12-26 07:06:32.934+0000 INFO  ======== Neo4j 3.3.1 ========
2017-12-26 07:06:32.958+0000 INFO  Starting...
2017-12-26 07:06:33.523+0000 INFO  Bolt enabled on 0.0.0.0:7472.
2017-12-26 07:06:36.485+0000 INFO  Started.
2017-12-26 07:06:37.393+0000 INFO  Remote interface available at http://localhost:8500/
2017-12-26 09:38:45.354+0000 INFO  Neo4j Server shutdown initiated by request
2017-12-26 09:38:45.496+0000 INFO  Stopping...
2017-12-26 09:38:46.719+0000 INFO  Stopped.
nohup: ignoring input
2017-12-26 09:38:49.886+0000 INFO  ======== Neo4j 3.3.1 ========
2017-12-26 09:38:49.982+0000 INFO  Starting...
2017-12-26 09:38:52.100+0000 INFO  Bolt enabled on 0.0.0.0:7472.
2017-12-26 09:38:57.500+0000 INFO  Started.
2017-12-26 09:38:58.582+0000 INFO  Remote interface available at http://localhost:8500/
nohup: ignoring input
2017-12-26 10:05:36.970+0000 INFO  ======== Neo4j 3.3.1 ========
2017-12-26 10:05:37.013+0000 INFO  Starting...
2017-12-26 10:05:37.976+0000 INFO  Bolt enabled on 0.0.0.0:7472.
2017-12-26 10:05:51.700+0000 INFO  Started.
2017-12-26 10:05:52.718+0000 INFO  Remote interface available at http://localhost:8500/
